Caracas Fútbol Club raiz dir dir dir dir dir esq NÃO
FC Saburtalo Tbilisi raiz dir dir dir dir dir dir dir dir dir dir dir dir esq NÃO
Football Club Alashkert raiz dir dir dir dir dir dir dir dir dir dir dir dir dir esq NÃO
Futbola Klubs Ventspils raiz dir dir dir dir dir dir dir dir dir dir dir dir dir dir dir dir dir dir esq NÃO
Fotbal Club Sheriff raiz dir dir dir dir dir dir dir dir dir dir dir dir dir dir dir esq NÃO
Amiens Sporting Club raiz dir esq NÃO
Kayseri Spor Kulübü raiz dir dir dir dir dir dir dir dir dir dir dir dir dir dir dir dir dir dir dir dir esq NÃO
Qəbələ İdman Klubu raiz dir dir dir dir dir dir dir dir dir dir dir dir dir dir dir dir dir dir dir dir dir dir dir dir esq NÃO
Club Sportivo San Lorenzo raiz dir dir dir dir dir dir dir dir dir SIM
Stade Rennais  Football Club raiz dir dir dir dir dir dir dir dir dir dir dir dir dir dir dir dir dir dir dir dir dir dir dir dir dir dir esq NÃO
Futboll Klub Kukësi raiz dir dir dir dir dir dir dir dir dir dir dir dir dir dir dir dir dir dir esq NÃO
Fútbol Club Encamp raiz dir dir dir dir dir dir dir dir dir dir dir dir dir dir dir dir dir dir esq NÃO
Ceará Sporting Club raiz dir dir dir dir dir SIM
Asociația Fotbal Club Astra Giurgiu raiz dir dir dir SIM
Club Atlético Newell's Old Boys raiz dir dir dir dir dir dir dir dir esq NÃO
Barcelona Sporting Club raiz dir dir dir dir dir esq NÃO
Nogometni klub Domžale raiz dir dir dir dir dir dir dir dir dir dir dir dir dir dir dir dir dir dir dir dir dir dir dir SIM
Genoa Cricket and Football Club S.p.A. raiz dir dir dir dir dir dir dir dir dir dir dir dir dir dir dir dir dir dir esq NÃO
Strømsgodset Toppfotball raiz dir dir dir dir dir dir dir dir dir dir dir dir dir dir dir dir dir dir dir dir dir dir dir dir dir dir dir esq NÃO
Club Atlético Cerro raiz dir dir dir dir dir dir SIM
Sportovní klub Slavia Praha – fotbal a.s. raiz dir dir dir dir dir dir dir dir dir dir dir dir dir dir dir dir dir dir dir dir dir dir dir dir dir dir esq NÃO
FC Flora raiz dir dir dir dir dir dir dir dir dir dir dir dir esq NÃO
Asociación Civil Real Atlético Garcilaso raiz dir dir dir esq NÃO
Nogometni klub Čelik Zenica raiz dir dir dir dir dir dir dir dir dir dir dir dir dir dir dir dir dir dir dir dir dir dir dir dir esq NÃO
Aberystwyth Town Football Club raiz dir esq NÃO
Estudiantes de Mérida Fútbol Club raiz dir dir dir dir dir dir dir dir dir dir dir dir esq NÃO
Linzer Athletik-Sport-Klub raiz dir dir dir dir dir dir dir dir dir dir dir dir dir dir dir dir dir dir dir dir dir SIM
Club Sportivo Luqueño raiz dir dir dir dir dir dir dir dir dir esq NÃO
Real Valladolid SAD raiz dir dir dir dir dir dir dir dir dir dir dir dir dir dir dir dir dir dir dir dir dir dir dir dir dir esq NÃO
Villarreal Club de Fútbol S.A.D. raiz dir dir dir dir dir dir dir dir dir dir dir dir dir dir dir dir dir dir dir dir dir dir dir dir dir dir dir dir SIM
América de Cali S. A. raiz dir SIM
