Athletic Football Club Bournemouth ## The Cherries, Boscombe ## 00/00/1899 ## Dean Court ## 11329 ## Eddie Howe ## Premier League ## /tmp/times/A.F.C._Bournemouth.html ## 264278 ## 
Club Atlético Aldosivi ## Tiburón, El Verde, El equipo de la Ciudad, Los Gringos ## 29/03/1913 ## Estadio José María Minella,Mar Del Plata, Buenos Aires Province ## 35354 ## Gustavo Álvarez ## Primera División ## /tmp/times/Aldosivi.html ## 114815 ## 
Brighton   Hove Albion Football Club ## The Seagulls, Albion ## 24/06/1901 ## Falmer Stadium ## 30750 ## Graham Potter ## Premier League ## /tmp/times/Brighton_&_Hove_Albion_F.C..html ## 209953 ## 
Club de Deportes Cobresal ## Mineros (Miners), Legionarios ## 05/05/1979 ## Estadio El CobreEl Salvador, Chile ## 12000 ## Gustavo Huerta ## Primera B de Chile ## /tmp/times/C.D._Cobresal.html ## 160306 ## 
Cardiff Metropolitan University Football Club ## The Archers ## 00/00/2000 ## Cyncoed Campus ## 1620 ## Christian Edwards ## Welsh Premier League ## /tmp/times/Cardiff_Metropolitan_University_F.C..html ## 129102 ## 
Club Brugge Koninklijke Voetbalvereniging (Club Bruges Royal Football association) ## Blauw-Zwart (Blue-Black), Club, FCB ## 13/11/1891 ## Jan Breydel Stadium ## 29062 ## Philippe Clement ## Belgian First Division A ## /tmp/times/Club_Brugge_KV.html ## 222901 ## 
Club Deportes Tolima S.A. ## El Vinotinto y Oro (The Burgundy and Gold), Los Pijaos (The Pijaos) ## 18/12/1954 ## Estadio Manuel Murillo ToroIbagué, Colombia ## 28100 ## Alberto Gamero ## Categoría Primera A ## /tmp/times/Deportes_Tolima.html ## 242297 ## 
Asociación Deportivo Pasto ## La Fuerza Tricolor (The Tri-colored Force)El Equipo Volcánico (The Volcanic Team)El Súper Depor (The Super Depor). ## 12/10/1949 ## Estadio Departamental LibertadPasto, Colombia ## 20665 ## Alexis García ## Categoría Primera A ## /tmp/times/Deportivo_Pasto.html ## 125688 ## 
Club Estudiantes de La Plata ## Los Pincharratas (The Rat Stabbers),El León (The Lion) ## 04/08/1905 ## Estadio Ciudad de La Plata, La Plata ## 53000 ## Gabriel Milito ## Primera División ## /tmp/times/Estudiantes_de_La_Plata.html ## 318513 ## 
Europa Football Club ## The Green Machine ## 00/00/1925 ## Victoria Stadium,Winston Churchill Avenue, Gibraltar. ## 2000 ## Rafa Escobar ## Gibraltar Premier Division ## /tmp/times/Europa_F.C..html ## 124533 ## 
Football Club Baník Ostrava, a.s. ## Baníček ## 00/00/1922 ## Městský stadion, Ostrava ## 15123 ## Bohumil Páník ## Czech First League ## /tmp/times/FC_Banik_Ostrava.html ## 193426 ## 
Football Club Groningen ## Trots van het Noorden (Pride of the North)Green-White Army ## 16/06/1971 ## EuroborgGroningen, Netherlands ## 22579 ## Danny Buijs ## Eredivisie ## /tmp/times/FC_Groningen.html ## 328510 ## 
Football Club International Turku ## Sinimustat ('Black and Blues') ## 00/00/1990 ## Veritas StadionKupittaa, Turku ## 9372 ## José Riveiro ## Veikkausliiga ## /tmp/times/FC_Inter_Turku.html ## 143019 ## 
Football Club Kaysar ## Қасқырлар  (The Wolves)  Қызыл шайтандар  (Kazakhstan's Red Devils) ## 00/00/1968 ## Gany Muratbayev Stadium  Kyzylorda, Kazakhstan ## 7000 ## Stoycho Mladenov ## Kazakhstan Premier League ## /tmp/times/FC_Kaisar.html ## 127463 ## 
FC Spartak Trnava ## Bíli andeli (The White Angels) ## 30/05/1923 ## Anton Malatinský Stadium ## 19200 ## Ricardo Chéu ## Fortuna liga ## /tmp/times/FC_Spartak_Trnava.html ## 424300 ## 
Fudbalski klub Belasica Strumica ## Кенгури (Kangaroos) ## 22/04/1922 ## Mladost Stadium ## 9200 ## Vane Milkov ## Macedonian Second League (East) ## /tmp/times/FK_Belasica.html ## 102537 ## 
Fudbalski klub Iskra Danilovgrad ## Građani (Citizens) ## 00/00/1919 ## Braća Velašević Stadium ## 2500 ## Aleksandar Nedović ## Montenegrin First League ## /tmp/times/FK_Iskra_Danilovgrad.html ## 94147 ## 
Fudbalski klub Napredak Kruševac ## Čarapani ## 08/12/1946 ## Mladost Stadium ## 10331 ## Predrag Rogan ## Serbian SuperLiga ## /tmp/times/FK_Napredak_Krusevac.html ## 222545 ## 
Hammarby Idrottsförening Fotbollförening ## Bajen ## 07/03/1897 ## Tele2 Arena, Stockholm ## 33000 ## Stefan Billborn ## Allsvenskan ## /tmp/times/Hammarby_Fotboll.html ## 349517 ## 
Hapoel Be'er-Sheva Football Club ## The Camels (הגמלים) ## 01/05/1949 ## Turner Stadium, Be'er Sheva ## 16126 ## Barak Bakhar ## Israeli Premier League ## /tmp/times/Hapoel_Be'er_Sheva_F.C..html ## 332529 ## 
Idrottsklubben Sirius ## Blåsvart (blue-black) ## 00/00/1907 ## Studenternas IP, Uppsala ## 6000 ## Henrik Rydström and Mirza Jelecak ## Allsvenskan ## /tmp/times/IK_Sirius_Fotboll.html ## 135983 ## 
Football Club Internazionale Milano S.p.A. ## I Nerazzurri (The Black and Blues)La Beneamata (The Cherished One)Il Biscione (The Big Grass Snake) ## 09/03/1908 ## San Siro ## 80018 ## Antonio Conte ## Serie A ## /tmp/times/Inter_Milan.html ## 650574 ## 
Klubi Futbollistik Drenica ## Shqiponjat e Zeza (Black Eagles) ## 00/00/1958 ## Bajram Aliu Stadium ## 3000 ## Tahir Lushtaku ## Football Superleague of Kosovo ## /tmp/times/KF_Drenica.html ## 81944 ## 
Klubi Futbollistik Flamurtari ## Armata Kuq e Zi (Red and Black Army) ## 00/00/1968 ## Xhemail Ibishi Stadium ## 5000 ## Artim Šakiri ## Football Superleague of Kosovo ## /tmp/times/KF_Flamurtari.html ## 52930 ## 
Klubi i Futbollit Tirana ## Tirona ## 15/08/1920 ## Selman Stërmasi Stadium ## 9600 ## Ardian Mema ## Albanian Superliga ## /tmp/times/KF_Tirana.html ## 477824 ## 
Kuopion Palloseura ## Keltamusta (The Yellow-blacks)Kanarialinnut (The Canaries) ## 00/00/1923 ## Savon Sanomat AreenaKuopio ## 5000 ## Jani Honkavaara ## Veikkausliiga ## /tmp/times/Kuopion_Palloseura.html ## 221941 ## 
Luftëtari Gjirokastër Football Club ## Bluzinjtë (Blue   blacks) ## 00/00/1929 ## Gjirokastra Stadium ## 8400 ## Julian Ahmataj ## Albanian Superliga ## /tmp/times/Luftetari_Gjirokaster_FC.html ## 146850 ## 
Malmö Fotbollförening ## Di blåe (Scanian: The Blues)Himmelsblått (Sky Blue) ## 24/02/1910 ## Stadion, Malmö ## 22500 ## Uwe Rösler ## Allsvenskan ## /tmp/times/Malmo_FF.html ## 380463 ## 
Nogometni klub Čelik Zenica ## Crno-crveni (The Black-Reds) ## 16/06/1945 ## Bilino Polje, Zenica ## 13632 ## Hasan Özer ## Premier League BH ## /tmp/times/NK_Celik_Zenica.html ## 157255 ## 
Nogometni klub Domžale ## Ravbarji (The Brigands)Rumeni (The Yellows)Rumena družina (The Yellow Family) ## 07/11/1920 ## Domžale Sports Park ## 3100 ## Simon Rožman ## Slovenian PrvaLiga ## /tmp/times/NK_Domzale.html ## 160279 ## 
Olympique Gymnaste Club Nice Côte d'Azur ## Les Aiglons (The Eaglets) Le Gym ## 09/07/1904 ## Allianz Riviera ## 36178 ## Patrick Vieira ## Ligue 1 ## /tmp/times/OGC_Nice.html ## 238760 ## 
Odense  Boldklub ## De Stribede(The Striped) ## 12/07/1887 ## Nature Energy Park, Odense ## 15790 ## Jakob Michelsen ## Danish Superliga ## /tmp/times/Odense_Boldklub.html ## 181978 ## 
Olympique de Marseille ## Les Phocéens (The Phocaeans)Les Olympiens (The Olympians) ## 31/08/1899 ## Stade Vélodrome ## 67394 ## André Villas-Boas ## Ligue 1 ## /tmp/times/Olympique_de_Marseille.html ## 429807 ## 
Club Deportivo Oriente Petrolero ## Albiverdes, Verdolagas, Abejitas Refineros. ## 05/11/1955 ## Estadio Tahuichi AguileraSanta Cruz, Bolivia ## 38000 ## Mauricio Soria ## División Profesional ## /tmp/times/Oriente_Petrolero.html ## 131905 ## 
Профессиональный футбольный клуб ЦСКА Москва(Professional Football Club, Central Sport Club of the Army, Moscow) ## Koni (Horses) Krasno-sinie (Red-blues) Armeitsy  (Militarians) ## 27/08/1911 ## VEB ArenaLuzhniki Stadium (UEFA Champions League matches) ## 30457 ## Viktor Goncharenko ## Russian Premier League ## /tmp/times/PFC_CSKA_Moscow.html ## 475936 ## 
Philips Sport Vereniging NV ## Boeren (Peasants/Farmers)   Lampen (Lightbulbs)   Rood-witten (Red and whites) ## 31/08/1913 ## Philips Stadion ## 35000 ## Mark van Bommel ## Eredivisie ## /tmp/times/PSV_Eindhoven.html ## 667305 ## 
Paris Saint-Germain Football Club ## Les Parisiens (The Parisians), Les Rouge et Bleu (The Red and Blues) ## 12/08/1970 ## Parc des Princes ## 47929 ## Thomas Tuchel ## Ligue 1 ## /tmp/times/Paris_Saint-Germain_F.C..html ## 411423 ## 
RasenBallsport Leipzig e.V. ## Die Roten Bullen (The Red Bulls) ## 19/05/2009 ## Red Bull Arena ## 42959 ## Julian Nagelsmann ## Bundesliga ## /tmp/times/RB_Leipzig.html ## 864138 ## 
Rampla Juniors Football Club ## Picapiedras, Rojiverdes, ## 07/01/1914 ## Estadio Olímpico,Montevideo, Uruguay ## 6000 ## Rosario Martínez ## Uruguayan Primera División ## /tmp/times/Rampla_Juniors.html ## 99788 ## 
Real Madrid Club de Fútbol ## Los Blancos (The Whites)Los Merengues (The Meringues)Los Vikingos (The Vikings) La Casa Blanca (The White House) ## 06/03/1902 ## Estadio Santiago Bernabéu ## 81044 ## Zinedine Zidane ## La Liga ## /tmp/times/Real_Madrid_CF.html ## 875213 ## 
Rio Ave Futebol Clube ## Vilacondenses, Rioavistas ## 00/00/1939 ## Estádio do Rio Ave ## 12815 ## Carlos Carvalhal ## Primeira Liga ## /tmp/times/Rio_Ave_F.C..html ## 168904 ## 
TB/FC Suðuroy/Royn ## Suðringar, Suðuroyarliðið ## 00/00/2017 ## Við Stórá, Trongisvágur, Tvøroyri Municipality ## 4000 ## Glenn Ståhl ## Effodeildin ## /tmp/times/Royn.html ## 47451 ## 
Sociedad Deportiva Eibar, S.A.D. ## Armagiñak / Los Armeros (The Gunsmiths)Azulgranas (blue-and-carmines) ## 30/11/1940 ## Ipurua Municipal Stadium, Eibar ## 7083 ## José Luis Mendilibar ## La Liga ## /tmp/times/SD_Eibar.html ## 255228 ## 
Sportovní klub Slavia Praha – fotbal a.s. ## Červenobílí (The red and whites) / Sešívaní (The stitched) / Věčná Slavia (The Eternal Slavia) ## 02/11/1892 ## Sinobo Stadium,Vršovice, Prague 10, Prague ## 20232 ## Jindřich Trpišovský ## Czech First League ## /tmp/times/SK_Slavia_Prague.html ## 192878 ## 
Club Atlético San Lorenzo de Almagro ## Santo (Saint), Cuervo (Crow), Ciclón (Cyclone), Azulgrana (Blue and Red), Matadores (Killers), Gauchos de Bodeo (Gauchos of Boedo) ## 01/04/1908 ## Estadio Pedro Bidegain, Flores, Buenos Aires ## 47964 ## Juan Antonio Pizzi ## Primera División ## /tmp/times/San_Lorenzo_de_Almagro.html ## 372015 ## 
Tromsø Idrettslag ## Gutan (The Boys) ## 15/09/1920 ## Alfheim StadionTromsø ## 6687 ## Simo Valakari ## Eliteserien ## /tmp/times/Tromso_IL.html ## 191441 ## 
Vitória Sport Clube ## Os Vimaranenses (The ones from Guimarães) / Os Conquistadores (The Conquerors) ## 22/09/1922 ## Estádio D. Afonso Henriques ## 30146 ## Ivo Vieira ## Primeira Liga ## /tmp/times/Vitoria_S.C..html ## 191581 ## 
Wisła Płock Spółka Akcyjna ## Nafciarze (The Oilers)  Petra ## 00/00/1947 ## Kazimierz Górski StadiumPłock ## 10978 ## Leszek Ojrzyński ## Ekstraklasa ## /tmp/times/Wisla_Plock.html ## 131293 ## 
