Caracas Fútbol Club raiz esq dir esq dir NÃO
FC Saburtalo Tbilisi raiz dir esq dir esq esq NÃO
Football Club Alashkert raiz dir esq dir esq dir NÃO
Futbola Klubs Ventspils raiz dir dir esq dir esq NÃO
Fotbal Club Sheriff raiz dir esq dir dir dir NÃO
Amiens Sporting Club raiz esq esq esq dir NÃO
Kayseri Spor Kulübü raiz dir dir dir esq esq esq NÃO
Qəbələ İdman Klubu raiz dir dir dir dir esq esq NÃO
Club Sportivo San Lorenzo raiz dir esq esq SIM
Stade Rennais  Football Club raiz dir dir dir dir dir esq esq NÃO
Futboll Klub Kukësi raiz dir dir esq dir esq NÃO
Fútbol Club Encamp raiz dir dir esq dir esq NÃO
Ceará Sporting Club raiz esq dir SIM
Asociația Fotbal Club Astra Giurgiu raiz esq SIM
Club Atlético Newell's Old Boys raiz dir esq esq esq esq NÃO
Barcelona Sporting Club raiz esq dir esq dir NÃO
Nogometni klub Domžale raiz dir dir dir SIM
Genoa Cricket and Football Club S.p.A. raiz dir dir esq dir esq NÃO
Strømsgodset Toppfotball raiz dir dir dir dir dir esq dir NÃO
Club Atlético Cerro raiz esq dir dir SIM
Sportovní klub Slavia Praha – fotbal a.s. raiz dir dir dir dir dir esq esq NÃO
FC Flora raiz dir esq dir esq esq NÃO
Asociación Civil Real Atlético Garcilaso raiz esq esq dir dir NÃO
Nogometni klub Čelik Zenica raiz dir dir dir dir esq esq NÃO
Aberystwyth Town Football Club raiz esq esq esq dir NÃO
Estudiantes de Mérida Fútbol Club raiz dir esq dir esq esq NÃO
Linzer Athletik-Sport-Klub raiz dir dir dir esq SIM
Club Sportivo Luqueño raiz dir esq esq esq dir NÃO
Real Valladolid SAD raiz dir dir dir dir esq dir NÃO
Villarreal Club de Fútbol S.A.D. raiz dir dir dir dir dir dir SIM
América de Cali S. A. raiz esq esq SIM
