Caracas Fútbol Club raiz esq esq dir esq dir NÃO
FC Saburtalo Tbilisi raiz esq dir dir esq esq NÃO
Football Club Alashkert raiz esq dir dir esq dir NÃO
Futbola Klubs Ventspils raiz dir esq esq dir esq NÃO
Fotbal Club Sheriff raiz esq dir dir dir dir NÃO
Amiens Sporting Club raiz esq esq esq esq dir NÃO
Kayseri Spor Kulübü raiz dir esq dir esq esq NÃO
Qəbələ İdman Klubu raiz dir dir esq esq esq NÃO
Club Sportivo San Lorenzo raiz esq dir esq SIM
Stade Rennais  Football Club raiz dir dir esq dir esq NÃO
Futboll Klub Kukësi raiz dir esq esq dir esq NÃO
Fútbol Club Encamp raiz dir esq esq dir esq NÃO
Ceará Sporting Club raiz esq esq dir SIM
Asociația Fotbal Club Astra Giurgiu raiz esq esq SIM
Club Atlético Newell's Old Boys raiz esq dir esq esq esq NÃO
Barcelona Sporting Club raiz esq esq dir esq dir NÃO
Nogometni klub Domžale raiz dir SIM
Genoa Cricket and Football Club S.p.A. raiz dir esq esq dir esq NÃO
Strømsgodset Toppfotball raiz dir dir esq dir dir NÃO
Club Atlético Cerro raiz esq esq dir dir SIM
Sportovní klub Slavia Praha – fotbal a.s. raiz dir dir esq dir esq NÃO
FC Flora raiz esq dir dir esq esq NÃO
Asociación Civil Real Atlético Garcilaso raiz esq esq esq dir dir NÃO
Nogometni klub Čelik Zenica raiz dir dir esq esq esq NÃO
Aberystwyth Town Football Club raiz esq esq esq esq dir NÃO
Estudiantes de Mérida Fútbol Club raiz esq dir dir esq esq NÃO
Linzer Athletik-Sport-Klub raiz dir esq dir SIM
Club Sportivo Luqueño raiz esq dir esq esq dir NÃO
Real Valladolid SAD raiz dir dir esq esq dir NÃO
Villarreal Club de Fútbol S.A.D. raiz dir dir dir SIM
América de Cali S. A. raiz esq esq esq SIM
