Caracas Fútbol Club NÃO
FC Saburtalo Tbilisi NÃO
Football Club Alashkert NÃO
Futbola Klubs Ventspils NÃO
Fotbal Club Sheriff NÃO
Amiens Sporting Club NÃO
Kayseri Spor Kulübü NÃO
Qəbələ İdman Klubu NÃO
Club Sportivo San Lorenzo SIM
Stade Rennais  Football Club NÃO
Futboll Klub Kukësi NÃO
Fútbol Club Encamp NÃO
Ceará Sporting Club SIM
Asociația Fotbal Club Astra Giurgiu SIM
Club Atlético Newell's Old Boys NÃO
Barcelona Sporting Club NÃO
Nogometni klub Domžale SIM
Genoa Cricket and Football Club S.p.A. NÃO
Strømsgodset Toppfotball NÃO
Club Atlético Cerro SIM
Sportovní klub Slavia Praha – fotbal a.s. NÃO
FC Flora NÃO
Asociación Civil Real Atlético Garcilaso NÃO
Nogometni klub Čelik Zenica NÃO
Aberystwyth Town Football Club NÃO
Estudiantes de Mérida Fútbol Club NÃO
Linzer Athletik-Sport-Klub SIM
Club Sportivo Luqueño NÃO
Real Valladolid SAD NÃO
Villarreal Club de Fútbol S.A.D. SIM
América de Cali S. A. SIM
