1900
1904
1910
1907
1907
1908
1913
1913
1909
1907
1901
1894
1900
1912
1920
1929
1930
1935
1940
1936
1936
1942
1936
1926
(R) Angers Sporting Club de l'Ouest
(R) Club Atlético Cerro
(R) Futboll Klub Kukësi
(R) Hrvatski nogometni klub Rijeka (Croatian Football Club Rijeka)
1917
1915
1920
1920
(R) Maccabi Haifa Football Club
1922
1924
1933
1932
1936
1950
1942
1949
(R) Sligo Rovers Football Club
(R) Sociedad Deportiva Aucas
(R) Koninklijke Racing Club Genk
(R) West Ham United Football Club
(R) Football Club Alashkert
