(R) Futbol Club Barcelona
(R) Futboll Klub Kukësi
(R) Maccabi Haifa Football Club
(R) Caernarfon Town Football ClubClwb Pêl Droed Tref Caernarfon
(R) Hrvatski nogometni klub Rijeka (Croatian Football Club Rijeka)
(R) Rio Ave Futebol Clube
(R) Club Deportivo Social y Cultural Alianza Universidad de Huánuco
(R) Amsterdamsche Football Club Ajax
(R) Cruzeiro Esporte Clube
(R) Real Madrid Club de Fútbol
[0] O'Higgins Fútbol Club ## El Capo de Provincia (The Province's Boss)O'Hi O'HiLa Celeste (The Sky Blue) ## 07/04/1955 ## Estadio El Teniente,Rancagua, Chile ## 14087 ## Marco Antonio Figueroa ## Campeonato Nacional ## /tmp/times/OHiggins_F.C..html ## 527213 ## 
[1] Clube Desportivo de Tondela ## CDTAuriverdes (Gold and Greens) ## 06/06/1933 ## Estádio João Cardoso Tondela, Portugal ## 5000 ## Natxo González ## Primeira Liga ## /tmp/times/C.D._Tondela.html ## 183303 ## 
[2] Club Atlético Central Córdoba ## Ferroviarios ## 03/06/1919 ## Alfredo Terrera  Santiago del Estero, Argentina ## 15000 ## Gustavo Coleoni ## Argentine Primera División ## /tmp/times/Central_Cordoba_de_Santiago_del_Estero.html ## 107938 ## 
[3] Villarreal Club de Fútbol S.A.D. ## El Submarino Amarillo(The Yellow Submarine) ## 10/03/1923 ## Estadio de la Cerámica ## 23500 ## Javier Calleja ## La Liga ## /tmp/times/Villarreal_CF.html ## 279892 ## 
[4] Mosta Football Club ## Tar-Rotunda ## 00/00/1935 ## Charles Abela Memorial Stadium, Mosta ## 700 ## Mark Miller ## Maltese Premier League ## /tmp/times/Mosta_F.C..html ## 95681 ## 
[5] Club Atlético Cerro ## Villeros, Albicelestes, Cerrense ## 01/12/1922 ## Estadio Luis Tróccoli,Montevideo, Uruguay ## 25000 ## Richard Martínez ## Primera División Uruguaya ## /tmp/times/C.A._Cerro.html ## 97714 ## 
[6] Angers Sporting Club de l'Ouest ## Les Scoïstes ## 00/00/1919 ## Stade Raymond Kopa ## 17835 ## Stéphane Moulin ## Ligue 1 ## /tmp/times/Angers_SCO.html ## 141084 ## 
[7] Club de Deportes Provincial Curicó Unido ## CuriAlbirrojos (The red   white)Torteros (The Cake-makers)La Banda Sangre (The Blood Stripe) ## 00/00/1973 ## Estadio La Granja ## 8278 ## Dalcio Giovagnoli ## Primera División ## /tmp/times/Curico_Unido.html ## 177087 ## 
[8] Grêmio Foot-Ball Porto Alegrense ## Imortal Tricolor (Immortal Tricolor)Rei de Copas (King of Cups) ## 15/09/1903 ## Arena do GrêmioPorto Alegre, Brazil ## 55225 ## Renato Portaluppi ## Campeonato Brasileiro Série A ## /tmp/times/Gremio_Foot-Ball_Porto_Alegrense.html ## 479852 ## 
[9] Association Sportive de Saint-Étienne Loire ## Les Verts (The Greens)Sainté (Saints) ## 00/00/1919 ## Stade Geoffroy-Guichard ## 41965 ## Ghislain Printant ## Ligue 1 ## /tmp/times/AS_Saint-Etienne.html ## 197914 ## 
[10] Sportklub Rapid Wien ## Die Grün-Weißen (The Green-Whites),Hütteldorfer ## 08/01/1899 ## Allianz Stadion ## 28345 ## Dietmar Kühbauer ## Austrian Bundesliga ## /tmp/times/SK_Rapid_Wien.html ## 188540 ## 
[11] Clube Atlético Mineiro ## Galo (Rooster)Alvinegro (White-and-black) ## 25/03/1908 ## Independência (primary)  Mineirão (secondary) ## 23018 ## Rodrigo Santana ## Campeonato Brasileiro Série A (national) Campeonato Mineiro (state) ## /tmp/times/Clube_Atletico_Mineiro.html ## 635214 ## 
[12] Football Club Internazionale Milano S.p.A. ## I Nerazzurri (The Black and Blues)La Beneamata (The Cherished One)Il Biscione (The Big Grass Snake) ## 09/03/1908 ## San Siro ## 80018 ## Antonio Conte ## Serie A ## /tmp/times/Inter_Milan.html ## 650574 ## 
[13] Sportclub Heerenveen ## De Superfriezen (The Super Frisians)Fean ## 20/07/1920 ## Abe Lenstra Stadium ## 27224 ## Johnny Jansen ## Eredivisie ## /tmp/times/SC_Heerenveen.html ## 313578 ## 
[14] Anorthosis Famagusta FC  Ανόρθωσις Αμμοχώστου ## Μεγάλη Κυρία (The Great Lady)  Οι Κυανόλευκοι (The Blue White) ## 30/01/1911 ## Antonis Papadopoulos, Larnaca ## 10230 ## Temuri Ketsbaia ## First Division ## /tmp/times/Anorthosis_Famagusta_FC.html ## 242154 ## 
[15] Sociedad Deportiva Aucas ## Orientales, El idolo del pueblo (The idol of the people) ## 06/02/1945 ## Estadio Gonzalo Pozo RipaldaQuito, Ecuador ## 22000 ## Gabriel Schürrer ## Serie A ## /tmp/times/S.D._Aucas.html ## 79764 ## 
[16] Koninklijke Racing Club Genk ## Blauw-Wit (Blue-White), Racing, KRC, De Smurfen (The Smurfs) ## 00/00/1988 ## Luminus Arena, Genk ## 23718 ## Felice Mazzu ## Belgian First Division A ## /tmp/times/K.R.C._Genk.html ## 216173 ## 
[17] West Ham United Football Club ## The IronsThe HammersThe Academy of Football ## 29/06/1895 ## London Stadium ## 60000 ## Manuel Pellegrini ## Premier League ## /tmp/times/West_Ham_United_F.C..html ## 831728 ## 
[18] Football Club Alashkert ## The Yellows ## 00/00/1990 ## Alashkert Stadium ## 6850 ## Abraham Khashmanyan ## Armenian Premier League ## /tmp/times/FC_Alashkert.html ## 194433 ## 
[19] Sligo Rovers Football Club ## The Bit o' Red ## 00/00/1928 ## The Showgrounds (Sligo) ## 8000 ## Liam Buckley ## League of Ireland Premier Division ## /tmp/times/Sligo_Rovers_F.C..html ## 269186 ## 
[20] Fudbalski klub Iskra Danilovgrad ## Građani (Citizens) ## 00/00/1919 ## Braća Velašević Stadium ## 2500 ## Aleksandar Nedović ## Montenegrin First League ## /tmp/times/FK_Iskra_Danilovgrad.html ## 94147 ## 
[21] Royal Antwerp Football Club ## The Great Old De Ploeg Van ‘t Stad ## 00/00/1880 ## Broodstraat (1908–1923)Bosuilstadion (1923– )Antwerp, Belgium ## 16144 ## László Bölöni ## Belgian First Division A ## /tmp/times/Royal_Antwerp_F.C..html ## 139954 ## 
[22] Club de Regatas Vasco da Gama ## Gigante da Colina (Giant of the Hill) Almirante (Admiral) Cruzmaltino (Maltese Cross) Trem Bala da Colina (Bullet Train of the Hill) Expresso da Vitória (Victory Express Train) ## 21/08/1898 ## Estádio São JanuárioRio de Janeiro, Brazil ## 21880 ## Vanderlei Luxemburgo ## Campeonato Brasileiro Série ACampeonato Carioca ## /tmp/times/CR_Vasco_da_Gama.html ## 438328 ## 
[23] Cefn Druids Association Football Club ## The Ancients, Druids ## 00/00/1872 ## The RockRhosymedreWrexham ## 3500 ## Huw Griffiths ## Welsh Premier League ## /tmp/times/Cefn_Druids_A.F.C..html ## 118595 ## 
[24] Fútbol Club Encamp ## EncampadansEl degà (The Dean) ## 00/00/1950 ## Camp de Futbol d'Encamp ## 550 ## Leonel Gancedo ## Segona Divisió ## /tmp/times/FC_Encamp.html ## 93238 ## 
[25] Club Especializado de Alto Rendimiento El Nacional ## Puros Criollos (Pure Criollos)Equipo Militar (Military team)La Maquina Gris (The Gray Machine)El Rojo (The Red) ## 01/06/1964 ## Estadio Olímpico Atahualpa ## 35742 ## Marcelo Javier Zuleta ## Serie A ## /tmp/times/C.D._El_Nacional.html ## 102479 ## 
