(R) Maccabi Haifa Football Club
(R) Hrvatski nogometni klub Rijeka (Croatian Football Club Rijeka)
(R) Futboll Klub Kukësi
(R) Club Atlético Cerro
(R) Villarreal Club de Fútbol S.A.D.
(R) Football Club Alashkert
(R) West Ham United Football Club
(R) Koninklijke Racing Club Genk
(R) Sociedad Deportiva Aucas
(R) Sligo Rovers Football Club
[0] Amsterdamsche Football Club Ajax ## de Godenzonen (Sons of the Gods) / de Joden (the Jews) / I Lancieri (The Lancers) / Lucky Ajax ## 18/03/1900 ## Johan Cruyff Arena ## 54990 ## Erik ten Hag ## Eredivisie ## /tmp/times/AFC_Ajax.html ## 894137 ## 
[1] Clube Atlético Mineiro ## Galo (Rooster)Alvinegro (White-and-black) ## 25/03/1908 ## Independência (primary)  Mineirão (secondary) ## 23018 ## Rodrigo Santana ## Campeonato Brasileiro Série A (national) Campeonato Mineiro (state) ## /tmp/times/Clube_Atletico_Mineiro.html ## 635214 ## 
[2] Cruzeiro Esporte Clube ## Raposa (Fox)Celeste (Celestial) Cabuloso  (Freaky) ## 02/01/1921 ## Mineirão ## 64000 ## Rogério Ceni ## Campeonato Brasileiro Série A Campeonato Mineiro Copa Libertadores da América ## /tmp/times/Cruzeiro_Esporte_Clube.html ## 431353 ## 
[3] Futbol Club Barcelona ## Barça or Blaugrana (team)Culés or Barcelonistas (supporters)Blaugranes or Azulgranas (supporters) ## 29/11/1899 ## Camp Nou ## 99354 ## Ernesto Valverde ## La Liga ## /tmp/times/FC_Barcelona.html ## 780859 ## 
[4] Football Club Internazionale Milano S.p.A. ## I Nerazzurri (The Black and Blues)La Beneamata (The Cherished One)Il Biscione (The Big Grass Snake) ## 09/03/1908 ## San Siro ## 80018 ## Antonio Conte ## Serie A ## /tmp/times/Inter_Milan.html ## 650574 ## 
[5] Real Madrid Club de Fútbol ## Los Blancos (The Whites)Los Merengues (The Meringues)Los Vikingos (The Vikings) La Casa Blanca (The White House) ## 06/03/1902 ## Estadio Santiago Bernabéu ## 81044 ## Zinedine Zidane ## La Liga ## /tmp/times/Real_Madrid_CF.html ## 875213 ## 
[6] Caernarfon Town Football ClubClwb Pêl Droed Tref Caernarfon ## The Canaries ## 00/00/1937 ## The Oval, Caernarfon ## 3000 ## Allan Bickerstaff ## Welsh Premier League ## /tmp/times/Caernarfon_Town_F.C.html ## 94083 ## 
[7] Fudbalski klub Iskra Danilovgrad ## Građani (Citizens) ## 00/00/1919 ## Braća Velašević Stadium ## 2500 ## Aleksandar Nedović ## Montenegrin First League ## /tmp/times/FK_Iskra_Danilovgrad.html ## 94147 ## 
[8] Royal Antwerp Football Club ## The Great Old De Ploeg Van ‘t Stad ## 00/00/1880 ## Broodstraat (1908–1923)Bosuilstadion (1923– )Antwerp, Belgium ## 16144 ## László Bölöni ## Belgian First Division A ## /tmp/times/Royal_Antwerp_F.C..html ## 139954 ## 
[9] Club de Regatas Vasco da Gama ## Gigante da Colina (Giant of the Hill) Almirante (Admiral) Cruzmaltino (Maltese Cross) Trem Bala da Colina (Bullet Train of the Hill) Expresso da Vitória (Victory Express Train) ## 21/08/1898 ## Estádio São JanuárioRio de Janeiro, Brazil ## 21880 ## Vanderlei Luxemburgo ## Campeonato Brasileiro Série ACampeonato Carioca ## /tmp/times/CR_Vasco_da_Gama.html ## 438328 ## 
[10] Cefn Druids Association Football Club ## The Ancients, Druids ## 00/00/1872 ## The RockRhosymedreWrexham ## 3500 ## Huw Griffiths ## Welsh Premier League ## /tmp/times/Cefn_Druids_A.F.C..html ## 118595 ## 
[11] Sportklub Rapid Wien ## Die Grün-Weißen (The Green-Whites),Hütteldorfer ## 08/01/1899 ## Allianz Stadion ## 28345 ## Dietmar Kühbauer ## Austrian Bundesliga ## /tmp/times/SK_Rapid_Wien.html ## 188540 ## 
[12] Fútbol Club Encamp ## EncampadansEl degà (The Dean) ## 00/00/1950 ## Camp de Futbol d'Encamp ## 550 ## Leonel Gancedo ## Segona Divisió ## /tmp/times/FC_Encamp.html ## 93238 ## 
[13] Club Deportivo Social y Cultural Alianza Universidad de Huánuco ## Azulgranas ## 01/01/1939 ## Estadio Heraclio Tapia, Huánuco ## 20000 ## Mifflin Bermúdez ## Torneo Descentralizado ## /tmp/times/Alianza_Universidad.html ## 105075 ## 
[14] Rio Ave Futebol Clube ## Vilacondenses, Rioavistas ## 00/00/1939 ## Estádio do Rio Ave ## 12815 ## Carlos Carvalhal ## Primeira Liga ## /tmp/times/Rio_Ave_F.C..html ## 168904 ## 
[15] Association Sportive de Saint-Étienne Loire ## Les Verts (The Greens)Sainté (Saints) ## 00/00/1919 ## Stade Geoffroy-Guichard ## 41965 ## Ghislain Printant ## Ligue 1 ## /tmp/times/AS_Saint-Etienne.html ## 197914 ## 
[16] Grêmio Foot-Ball Porto Alegrense ## Imortal Tricolor (Immortal Tricolor)Rei de Copas (King of Cups) ## 15/09/1903 ## Arena do GrêmioPorto Alegre, Brazil ## 55225 ## Renato Portaluppi ## Campeonato Brasileiro Série A ## /tmp/times/Gremio_Foot-Ball_Porto_Alegrense.html ## 479852 ## 
[17] Club de Deportes Provincial Curicó Unido ## CuriAlbirrojos (The red   white)Torteros (The Cake-makers)La Banda Sangre (The Blood Stripe) ## 00/00/1973 ## Estadio La Granja ## 8278 ## Dalcio Giovagnoli ## Primera División ## /tmp/times/Curico_Unido.html ## 177087 ## 
[18] Club Especializado de Alto Rendimiento El Nacional ## Puros Criollos (Pure Criollos)Equipo Militar (Military team)La Maquina Gris (The Gray Machine)El Rojo (The Red) ## 01/06/1964 ## Estadio Olímpico Atahualpa ## 35742 ## Marcelo Javier Zuleta ## Serie A ## /tmp/times/C.D._El_Nacional.html ## 102479 ## 
[19] Angers Sporting Club de l'Ouest ## Les Scoïstes ## 00/00/1919 ## Stade Raymond Kopa ## 17835 ## Stéphane Moulin ## Ligue 1 ## /tmp/times/Angers_SCO.html ## 141084 ## 
[20] Sportclub Heerenveen ## De Superfriezen (The Super Frisians)Fean ## 20/07/1920 ## Abe Lenstra Stadium ## 27224 ## Johnny Jansen ## Eredivisie ## /tmp/times/SC_Heerenveen.html ## 313578 ## 
[21] Anorthosis Famagusta FC  Ανόρθωσις Αμμοχώστου ## Μεγάλη Κυρία (The Great Lady)  Οι Κυανόλευκοι (The Blue White) ## 30/01/1911 ## Antonis Papadopoulos, Larnaca ## 10230 ## Temuri Ketsbaia ## First Division ## /tmp/times/Anorthosis_Famagusta_FC.html ## 242154 ## 
[22] Mosta Football Club ## Tar-Rotunda ## 00/00/1935 ## Charles Abela Memorial Stadium, Mosta ## 700 ## Mark Miller ## Maltese Premier League ## /tmp/times/Mosta_F.C..html ## 95681 ## 
[23] Club Atlético Central Córdoba ## Ferroviarios ## 03/06/1919 ## Alfredo Terrera  Santiago del Estero, Argentina ## 15000 ## Gustavo Coleoni ## Argentine Primera División ## /tmp/times/Central_Cordoba_de_Santiago_del_Estero.html ## 107938 ## 
[24] Clube Desportivo de Tondela ## CDTAuriverdes (Gold and Greens) ## 06/06/1933 ## Estádio João Cardoso Tondela, Portugal ## 5000 ## Natxo González ## Primeira Liga ## /tmp/times/C.D._Tondela.html ## 183303 ## 
[25] O'Higgins Fútbol Club ## El Capo de Provincia (The Province's Boss)O'Hi O'HiLa Celeste (The Sky Blue) ## 07/04/1955 ## Estadio El Teniente,Rancagua, Chile ## 14087 ## Marco Antonio Figueroa ## Campeonato Nacional ## /tmp/times/OHiggins_F.C..html ## 527213 ## 
